<?xml version="1.0" encoding="UTF-8"?>
<!-- Generated by org.testng.reporters.JUnitReportReporter -->
<testsuite skipped="0" hostname="riteshg02" name="com.training.tests.ViewCourseTest" tests="1" failures="0" timestamp="26 Mar 2019 11:37:21 GMT" time="39.511" errors="0">
  <testcase name="ultimateLoginValidationTest" time="39.511" classname="com.training.tests.ViewCourseTest"/>
</testsuite> <!-- com.training.tests.ViewCourseTest -->
