<?xml version="1.0" encoding="UTF-8"?>
<!-- Generated by org.testng.reporters.JUnitReportReporter -->
<testsuite skipped="0" hostname="PRATIMAC02" name="com.training.tests.Sdettest1" tests="1" failures="0" timestamp="14 Dec 2018 04:38:15 GMT" time="40.121" errors="0">
  <testcase name="ultimateLoginValidationTest" time="40.121" classname="com.training.tests.Sdettest1"/>
</testsuite> <!-- com.training.tests.Sdettest1 -->
